<?xml version="1.0" encoding="UTF-8"?>
<!-- Generated by org.testng.reporters.JUnitXMLReporter -->
<testsuite hostname="IXIA-DO-0002" ignored="1" name="Default test" tests="1" failures="0" timestamp="24 Oct 2018 10:12:15 GMT" time="120.751" errors="0">
  <testcase name="excelCheckCredentials" time="81.307" classname="MyAccount_Login.TCAccout_01"/>
  <testcase name="verifyAaddToCart" time="0.0" classname="MyAccount_Login.TCAccout_01">
    <ignored/>
  </testcase> <!-- verifyAaddToCart -->
</testsuite> <!-- Default test -->
