<?xml version="1.0" encoding="UTF-8"?>
<testng-results skipped="0" failed="0" ignored="1" total="2" passed="1">
  <reporter-output>
    <line>
      <![CDATA[<a href='C:\Users\ajinkya.bhobad\eclipse-workspace\AutomationPractise\src\main\java\ScreenShot\_TCAccout_01_Success_24_10_2018_03_41_12.png'> <img src='C:\Users\ajinkya.bhobad\eclipse-workspace\AutomationPractise\src\main\java\ScreenShot\_TCAccout_01_Success_24_10_2018_03_41_12.png'height='100' width='100'/> </a>]]>
    </line>
    <line>
      <![CDATA[<a href='C:\Users\ajinkya.bhobad\eclipse-workspace\AutomationPractise\src\main\java\ScreenShot\_TCAccout_01_Success_24_10_2018_03_41_25.png'> <img src='C:\Users\ajinkya.bhobad\eclipse-workspace\AutomationPractise\src\main\java\ScreenShot\_TCAccout_01_Success_24_10_2018_03_41_25.png'height='100' width='100'/> </a>]]>
    </line>
    <line>
      <![CDATA[<a href='C:\Users\ajinkya.bhobad\eclipse-workspace\AutomationPractise\src\main\java\ScreenShot\_TCAccout_01_Success_24_10_2018_03_41_38.png'> <img src='C:\Users\ajinkya.bhobad\eclipse-workspace\AutomationPractise\src\main\java\ScreenShot\_TCAccout_01_Success_24_10_2018_03_41_38.png'height='100' width='100'/> </a>]]>
    </line>
    <line>
      <![CDATA[<a href='C:\Users\ajinkya.bhobad\eclipse-workspace\AutomationPractise\src\main\java\ScreenShot\_TCAccout_01_Success_24_10_2018_03_41_50.png'> <img src='C:\Users\ajinkya.bhobad\eclipse-workspace\AutomationPractise\src\main\java\ScreenShot\_TCAccout_01_Success_24_10_2018_03_41_50.png'height='100' width='100'/> </a>]]>
    </line>
    <line>
      <![CDATA[<a href='C:\Users\ajinkya.bhobad\eclipse-workspace\AutomationPractise\src\main\java\ScreenShot\_TCAccout_01_Success_24_10_2018_03_42_03.png'> <img src='C:\Users\ajinkya.bhobad\eclipse-workspace\AutomationPractise\src\main\java\ScreenShot\_TCAccout_01_Success_24_10_2018_03_42_03.png'height='100' width='100'/> </a>]]>
    </line>
    <line>
      <![CDATA[<a href='C:\Users\ajinkya.bhobad\eclipse-workspace\AutomationPractise\src\main\java\ScreenShot\_TCAccout_01_Success_24_10_2018_03_42_13.png'> <img src='C:\Users\ajinkya.bhobad\eclipse-workspace\AutomationPractise\src\main\java\ScreenShot\_TCAccout_01_Success_24_10_2018_03_42_13.png'height='100' width='100'/> </a>]]>
    </line>
  </reporter-output>
  <suite name="Default suite" duration-ms="120751" started-at="2018-10-24T10:10:14Z" finished-at="2018-10-24T10:12:15Z">
    <groups>
    </groups>
    <test name="Default test" duration-ms="120751" started-at="2018-10-24T10:10:14Z" finished-at="2018-10-24T10:12:15Z">
      <class name="MyAccount_Login.TCAccout_01">
        <test-method status="PASS" signature="setUp()[pri:0, instance:MyAccount_Login.TCAccout_01@6adede5]" name="setUp" is-config="true" duration-ms="38550" started-at="2018-10-24T10:10:14Z" finished-at="2018-10-24T10:10:52Z">
          <reporter-output>
          </reporter-output>
        </test-method> <!-- setUp -->
        <test-method status="PASS" signature="excelCheckCredentials()[pri:0, instance:MyAccount_Login.TCAccout_01@6adede5]" name="excelCheckCredentials" duration-ms="81307" started-at="2018-10-24T10:10:52Z" finished-at="2018-10-24T10:12:14Z">
          <reporter-output>
            <line>
              <![CDATA[<a href='C:\Users\ajinkya.bhobad\eclipse-workspace\AutomationPractise\src\main\java\ScreenShot\_TCAccout_01_Success_24_10_2018_03_41_12.png'> <img src='C:\Users\ajinkya.bhobad\eclipse-workspace\AutomationPractise\src\main\java\ScreenShot\_TCAccout_01_Success_24_10_2018_03_41_12.png'height='100' width='100'/> </a>]]>
            </line>
            <line>
              <![CDATA[<a href='C:\Users\ajinkya.bhobad\eclipse-workspace\AutomationPractise\src\main\java\ScreenShot\_TCAccout_01_Success_24_10_2018_03_41_25.png'> <img src='C:\Users\ajinkya.bhobad\eclipse-workspace\AutomationPractise\src\main\java\ScreenShot\_TCAccout_01_Success_24_10_2018_03_41_25.png'height='100' width='100'/> </a>]]>
            </line>
            <line>
              <![CDATA[<a href='C:\Users\ajinkya.bhobad\eclipse-workspace\AutomationPractise\src\main\java\ScreenShot\_TCAccout_01_Success_24_10_2018_03_41_38.png'> <img src='C:\Users\ajinkya.bhobad\eclipse-workspace\AutomationPractise\src\main\java\ScreenShot\_TCAccout_01_Success_24_10_2018_03_41_38.png'height='100' width='100'/> </a>]]>
            </line>
            <line>
              <![CDATA[<a href='C:\Users\ajinkya.bhobad\eclipse-workspace\AutomationPractise\src\main\java\ScreenShot\_TCAccout_01_Success_24_10_2018_03_41_50.png'> <img src='C:\Users\ajinkya.bhobad\eclipse-workspace\AutomationPractise\src\main\java\ScreenShot\_TCAccout_01_Success_24_10_2018_03_41_50.png'height='100' width='100'/> </a>]]>
            </line>
            <line>
              <![CDATA[<a href='C:\Users\ajinkya.bhobad\eclipse-workspace\AutomationPractise\src\main\java\ScreenShot\_TCAccout_01_Success_24_10_2018_03_42_03.png'> <img src='C:\Users\ajinkya.bhobad\eclipse-workspace\AutomationPractise\src\main\java\ScreenShot\_TCAccout_01_Success_24_10_2018_03_42_03.png'height='100' width='100'/> </a>]]>
            </line>
            <line>
              <![CDATA[<a href='C:\Users\ajinkya.bhobad\eclipse-workspace\AutomationPractise\src\main\java\ScreenShot\_TCAccout_01_Success_24_10_2018_03_42_13.png'> <img src='C:\Users\ajinkya.bhobad\eclipse-workspace\AutomationPractise\src\main\java\ScreenShot\_TCAccout_01_Success_24_10_2018_03_42_13.png'height='100' width='100'/> </a>]]>
            </line>
          </reporter-output>
        </test-method> <!-- excelCheckCredentials -->
        <test-method status="PASS" signature="endTest()[pri:0, instance:MyAccount_Login.TCAccout_01@6adede5]" name="endTest" is-config="true" duration-ms="875" started-at="2018-10-24T10:12:14Z" finished-at="2018-10-24T10:12:15Z">
          <reporter-output>
          </reporter-output>
        </test-method> <!-- endTest -->
      </class> <!-- MyAccount_Login.TCAccout_01 -->
    </test> <!-- Default test -->
  </suite> <!-- Default suite -->
</testng-results>
