<?xml version="1.0" encoding="UTF-8"?>
<testng-results skipped="0" failed="0" ignored="0" total="1" passed="1">
  <reporter-output>
    <line>
      <![CDATA[<a href='C:\Users\ajinkya.bhobad\eclipse-workspace\AutomationPractise\src\main\java\ScreenShot\_TC01_Success_21_09_2018_02_45_40.png'> <img src='C:\Users\ajinkya.bhobad\eclipse-workspace\AutomationPractise\src\main\java\ScreenShot\_TC01_Success_21_09_2018_02_45_40.png'height='100' width='100'/> </a>]]>
    </line>
  </reporter-output>
  <suite name="Default suite" duration-ms="58846" started-at="2018-09-21T09:14:42Z" finished-at="2018-09-21T09:15:41Z">
    <groups>
    </groups>
    <test name="Default test" duration-ms="58846" started-at="2018-09-21T09:14:42Z" finished-at="2018-09-21T09:15:41Z">
      <class name="Homepage.TC_01">
        <test-method status="PASS" signature="setUp()[pri:0, instance:Homepage.TC_01@2f686d1f]" name="setUp" is-config="true" duration-ms="53300" started-at="2018-09-21T09:14:42Z" finished-at="2018-09-21T09:15:36Z">
          <reporter-output>
          </reporter-output>
        </test-method> <!-- setUp -->
        <test-method status="PASS" signature="verifyAaddToCart()[pri:0, instance:Homepage.TC_01@2f686d1f]" name="verifyAaddToCart" duration-ms="4668" started-at="2018-09-21T09:15:36Z" finished-at="2018-09-21T09:15:40Z">
          <reporter-output>
            <line>
              <![CDATA[<a href='C:\Users\ajinkya.bhobad\eclipse-workspace\AutomationPractise\src\main\java\ScreenShot\_TC01_Success_21_09_2018_02_45_40.png'> <img src='C:\Users\ajinkya.bhobad\eclipse-workspace\AutomationPractise\src\main\java\ScreenShot\_TC01_Success_21_09_2018_02_45_40.png'height='100' width='100'/> </a>]]>
            </line>
          </reporter-output>
        </test-method> <!-- verifyAaddToCart -->
        <test-method status="PASS" signature="endTest()[pri:0, instance:Homepage.TC_01@2f686d1f]" name="endTest" is-config="true" duration-ms="845" started-at="2018-09-21T09:15:40Z" finished-at="2018-09-21T09:15:41Z">
          <reporter-output>
          </reporter-output>
        </test-method> <!-- endTest -->
      </class> <!-- Homepage.TC_01 -->
    </test> <!-- Default test -->
  </suite> <!-- Default suite -->
</testng-results>
